<?xml version="1.0" encoding="utf-8"?><testsuites name="pytest tests"><testsuite name="pytest" errors="0" failures="0" skipped="0" tests="13" time="2.810" timestamp="2026-04-17T15:27:53.258656+00:00" hostname="agent-env-aaee0e2b-c8ae-48fe-87bf-013ce71e0adb"><testcase classname="backend.tests.test_orders.TestOrdersCreate" name="test_create_order_valid" time="0.291" /><testcase classname="backend.tests.test_orders.TestOrdersCreate" name="test_create_order_no_raw_id" time="0.110" /><testcase classname="backend.tests.test_orders.TestOrdersCreate" name="test_create_order_empty_items_returns_400" time="0.149" /><testcase classname="backend.tests.test_orders.TestOrdersCreate" name="test_create_order_abandoned_status" time="0.126" /><testcase classname="backend.tests.test_orders.TestOrdersCreate" name="test_create_order_created_at_is_iso_string" time="0.168" /><testcase classname="backend.tests.test_orders.TestOrdersList" name="test_list_orders_returns_list" time="0.113" /><testcase classname="backend.tests.test_orders.TestOrdersList" name="test_list_orders_limit" time="0.219" /><testcase classname="backend.tests.test_orders.TestOrdersList" name="test_list_orders_status_filter" time="0.383" /><testcase classname="backend.tests.test_orders.TestOrdersList" name="test_list_orders_most_recent_first" time="0.104" /><testcase classname="backend.tests.test_orders.TestOrdersList" name="test_list_orders_no_raw_id" time="0.122" /><testcase classname="backend.tests.test_orders.TestOrdersSummary" name="test_summary_structure" time="0.149" /><testcase classname="backend.tests.test_orders.TestOrdersSummary" name="test_summary_revenue_only_booked" time="0.361" /><testcase classname="backend.tests.test_orders.TestOrdersSummary" name="test_summary_abandoned_does_not_increase_revenue" time="0.340" /></testsuite></testsuites>